[2023-09-09 17:34:08] [thread-1] [I] client_boot : system: windows-x64
[2023-09-09 17:34:08] [thread-1] [I] client_boot : start args: []
[2023-09-09 17:34:08] [thread-1] [I] client_boot : runtime path: E:/Java/Projects/Cubecraft/run
[2023-09-09 17:34:08] [thread-1] [I] client_boot : native:E:/Java/Projects/Cubecraft/run/cache/native
[2023-09-09 17:34:08] [thread-1] [I] client_boot : contact with cobalt r2 failed
[2023-09-09 17:34:08] [thread-1] [I] client_boot : contact with cobalt r1 failed
[2023-09-09 17:34:08] [thread-1] [I] client_boot : using quantum3d-lwjgl as platform solution
[2023-09-09 17:34:08] [thread-1] [I] client_boot : starting client thread
[2023-09-09 17:34:09] [thread-1] [I] ModManager : starting mod loading...
[2023-09-09 17:34:09] [thread-1] [I] ModManager : scanning mods...
[2023-09-09 17:34:09] [thread-1] [I] ModManager : construction mods...
[2023-09-09 17:34:09] [thread-1] [I] ModManager : registering mods...
[2023-09-09 17:34:09] [thread-1] [I] ModManager : mod loading done:1 ms
[2023-09-09 17:34:09] [thread-1] [I] ModManager : pre initialization mods...
[2023-09-09 17:34:09] [thread-1] [I] ClientInternalMod : initializing client internal mod...
[2023-09-09 17:34:09] [thread-1] [I] ModManager : pre initialization mods finished,in 0 ms
[2023-09-09 17:34:09] [thread-1] [I] ModManager : client side initialization mods...
[2023-09-09 17:34:09] [thread-1] [I] ClientInternalMod : registering gui component...
[2023-09-09 17:34:09] [thread-1] [I] ClientInternalMod : registering gui renderer components
[2023-09-09 17:34:09] [thread-1] [I] ClientInternalMod : registering gui shortTick controller...
[2023-09-09 17:34:09] [thread-1] [I] ClientInternalMod : registering gui layout...
[2023-09-09 17:34:09] [thread-1] [I] ModManager : client side initialization mods finished,in 19 ms
[2023-09-09 17:34:09] [thread-1] [I] ModManager : server side initialization mods...
[2023-09-09 17:34:09] [thread-1] [I] ModManager : server side initialization mods finished,in 2 ms
[2023-09-09 17:34:09] [thread-1] [I] ModManager : content initialization mods...
[2023-09-09 17:34:09] [thread-1] [I] ModManager : content initialization mods finished,in 8 ms
[2023-09-09 17:34:09] [thread-1] [I] ModManager : post initialization mods...
[2023-09-09 17:34:09] [thread-1] [I] ModManager : post initialization mods finished,in 0 ms
